<?xml version="1.0" encoding="UTF-8"?>
<!-- Generated by org.testng.reporters.JUnitReportReporter -->
<testsuite hostname="INLEN8520046723" failures="0" tests="1" name="com.appTests.AppTests" time="13.202" errors="0" timestamp="2023-01-10T12:15:35 IST" skipped="0">
  <testcase classname="com.appTests.AppTests" name="verifySearchResult" time="13.202"/>
  <system-out/>
</testsuite> <!-- com.appTests.AppTests -->
