<?xml version="1.0" encoding="UTF-8"?>
<!-- Generated by org.testng.reporters.JUnitReportReporter -->
<testsuite hostname="INLEN8520046723" failures="0" tests="1" name="com.appTests.Apptest2" time="61.095" errors="0" timestamp="2023-01-09T20:28:26 IST" skipped="0">
  <testcase classname="com.appTests.Apptest2" name="login" time="61.095"/>
  <system-out/>
</testsuite> <!-- com.appTests.Apptest2 -->
