<?xml version="1.0" encoding="UTF-8"?>
<!-- Generated by org.testng.reporters.JUnitReportReporter -->
<testsuite hostname="INLEN8520046723" failures="0" tests="1" name="com.appTests.AppTests" time="10.694" errors="0" timestamp="2023-01-09T16:27:28 IST" skipped="0">
  <testcase classname="com.appTests.AppTests" name="verifySearchResult" time="10.694"/>
  <system-out/>
</testsuite> <!-- com.appTests.AppTests -->
